{"numTotalTestSuites":7,"numPassedTestSuites":2,"numFailedTestSuites":5,"numPendingTestSuites":0,"numTotalTests":7,"numPassedTests":3,"numFailedTests":4,"numPendingTests":0,"numTodoTests":0,"snapshot":{"added":0,"failure":false,"filesAdded":0,"filesRemoved":0,"filesRemovedList":[],"filesUnmatched":0,"filesUpdated":0,"matched":0,"total":0,"unchecked":0,"uncheckedKeysByFile":[],"unmatched":0,"updated":0,"didUpdate":false},"startTime":1773026875943,"success":false,"testResults":[{"assertionResults":[{"ancestorTitles":["Epic 4: Governance, Fairness & Approval Workflows","US 4.1: Weekly Quota Limit"],"fullName":"Epic 4: Governance, Fairness & Approval Workflows US 4.1: Weekly Quota Limit Should block student booking if it exceeds 4 hour quota","status":"passed","title":"Should block student booking if it exceeds 4 hour quota","duration":9.536099999999806,"failureMessages":[],"meta":{}},{"ancestorTitles":["Epic 4: Governance, Fairness & Approval Workflows","US 4.1: Weekly Quota Limit"],"fullName":"Epic 4: Governance, Fairness & Approval Workflows US 4.1: Weekly Quota Limit Should allow student booking if within 4 hour quota","status":"passed","title":"Should allow student booking if within 4 hour quota","duration":2.105000000000018,"failureMessages":[],"meta":{}},{"ancestorTitles":["Epic 4: Governance, Fairness & Approval Workflows","US 4.7: Faculty Unlimited Access"],"fullName":"Epic 4: Governance, Fairness & Approval Workflows US 4.7: Faculty Unlimited Access Should allow Faculty to book even if they exceed normal quotas","status":"passed","title":"Should allow Faculty to book even if they exceed normal quotas","duration":2.9938999999999396,"failureMessages":[],"meta":{}},{"ancestorTitles":["Epic 4: Governance, Fairness & Approval Workflows","US 4.2 & 4.3: Approval Workflow"],"fullName":"Epic 4: Governance, Fairness & Approval Workflows US 4.2 & 4.3: Approval Workflow US 4.2: Student booking an Auditorium should result in PENDING_APPROVAL","status":"failed","title":"US 4.2: Student booking an Auditorium should result in PENDING_APPROVAL","duration":13.007900000000063,"failureMessages":["TypeError: __vite_ssr_import_0__.supabase.from(...).select(...).eq(...).not is not a function\n    at Object.checkPeakHourLimits (C:/Users/rgdar/OneDrive/Desktop/Academics/ASC/Sem-6/Software-Engineering/Semester-Project/March_6/server/src/services/peakHourService.ts:57:14)\n    at processTicksAndRejections (node:internal/process/task_queues:105:5)\n    at BookingService.createBooking (C:/Users/rgdar/OneDrive/Desktop/Academics/ASC/Sem-6/Software-Engineering/Semester-Project/March_6/server/src/services/bookingService.ts:136:7)\n    at C:/Users/rgdar/OneDrive/Desktop/Academics/ASC/Sem-6/Software-Engineering/Semester-Project/March_6/server/src/__tests__/epic4/epic4_governance.test.ts:201:28\n    at file:///C:/Users/rgdar/OneDrive/Desktop/Academics/ASC/Sem-6/Software-Engineering/Semester-Project/March_6/server/node_modules/@vitest/runner/dist/index.js:915:20"],"meta":{}},{"ancestorTitles":["Epic 4: Governance, Fairness & Approval Workflows","US 4.2 & 4.3: Approval Workflow"],"fullName":"Epic 4: Governance, Fairness & Approval Workflows US 4.2 & 4.3: Approval Workflow US 4.3: Admin can approve a pending request","status":"failed","title":"US 4.3: Admin can approve a pending request","duration":2.6266999999998006,"failureMessages":["TypeError: __vite_ssr_import_0__.supabase.from(...).select(...).eq(...).single is not a function\n    at BookingService.approveBooking (C:/Users/rgdar/OneDrive/Desktop/Academics/ASC/Sem-6/Software-Engineering/Semester-Project/March_6/server/src/services/bookingService.ts:804:8)\n    at C:/Users/rgdar/OneDrive/Desktop/Academics/ASC/Sem-6/Software-Engineering/Semester-Project/March_6/server/src/__tests__/epic4/epic4_governance.test.ts:239:49\n    at file:///C:/Users/rgdar/OneDrive/Desktop/Academics/ASC/Sem-6/Software-Engineering/Semester-Project/March_6/server/node_modules/@vitest/runner/dist/index.js:145:11\n    at file:///C:/Users/rgdar/OneDrive/Desktop/Academics/ASC/Sem-6/Software-Engineering/Semester-Project/March_6/server/node_modules/@vitest/runner/dist/index.js:915:26\n    at file:///C:/Users/rgdar/OneDrive/Desktop/Academics/ASC/Sem-6/Software-Engineering/Semester-Project/March_6/server/node_modules/@vitest/runner/dist/index.js:1243:20\n    at new Promise (<anonymous>)\n    at runWithTimeout (file:///C:/Users/rgdar/OneDrive/Desktop/Academics/ASC/Sem-6/Software-Engineering/Semester-Project/March_6/server/node_modules/@vitest/runner/dist/index.js:1209:10)\n    at file:///C:/Users/rgdar/OneDrive/Desktop/Academics/ASC/Sem-6/Software-Engineering/Semester-Project/March_6/server/node_modules/@vitest/runner/dist/index.js:1653:37\n    at Traces.$ (file:///C:/Users/rgdar/OneDrive/Desktop/Academics/ASC/Sem-6/Software-Engineering/Semester-Project/March_6/server/node_modules/vitest/dist/chunks/traces.CCmnQaNT.js:142:27)\n    at trace (file:///C:/Users/rgdar/OneDrive/Desktop/Academics/ASC/Sem-6/Software-Engineering/Semester-Project/March_6/server/node_modules/vitest/dist/chunks/test.B8ej_ZHS.js:239:21)"],"meta":{}},{"ancestorTitles":["Epic 4: Governance, Fairness & Approval Workflows","US 4.8: Guest Booking"],"fullName":"Epic 4: Governance, Fairness & Approval Workflows US 4.8: Guest Booking Should store guest name and phone in metadata when provided","status":"failed","title":"Should store guest name and phone in metadata when provided","duration":1.6309999999998581,"failureMessages":["TypeError: __vite_ssr_import_0__.supabase.from(...).select(...).eq is not a function\n    at BookingService.createBooking (C:/Users/rgdar/OneDrive/Desktop/Academics/ASC/Sem-6/Software-Engineering/Semester-Project/March_6/server/src/services/bookingService.ts:84:10)\n    at processTicksAndRejections (node:internal/process/task_queues:105:5)\n    at C:/Users/rgdar/OneDrive/Desktop/Academics/ASC/Sem-6/Software-Engineering/Semester-Project/March_6/server/src/__tests__/epic4/epic4_governance.test.ts:286:13\n    at file:///C:/Users/rgdar/OneDrive/Desktop/Academics/ASC/Sem-6/Software-Engineering/Semester-Project/March_6/server/node_modules/@vitest/runner/dist/index.js:915:20"],"meta":{}},{"ancestorTitles":["Epic 4: Governance, Fairness & Approval Workflows","US 4.9: Audit Logs for Cancellation"],"fullName":"Epic 4: Governance, Fairness & Approval Workflows US 4.9: Audit Logs for Cancellation Admin cancelling a user booking should be logged with the admin as performer","status":"failed","title":"Admin cancelling a user booking should be logged with the admin as performer","duration":1.4864999999999782,"failureMessages":["TypeError: __vite_ssr_import_0__.supabase.from(...).select is not a function\n    at BookingService.cancelBooking (C:/Users/rgdar/OneDrive/Desktop/Academics/ASC/Sem-6/Software-Engineering/Semester-Project/March_6/server/src/services/bookingService.ts:359:8)\n    at C:/Users/rgdar/OneDrive/Desktop/Academics/ASC/Sem-6/Software-Engineering/Semester-Project/March_6/server/src/__tests__/epic4/epic4_governance.test.ts:323:34\n    at file:///C:/Users/rgdar/OneDrive/Desktop/Academics/ASC/Sem-6/Software-Engineering/Semester-Project/March_6/server/node_modules/@vitest/runner/dist/index.js:145:11\n    at file:///C:/Users/rgdar/OneDrive/Desktop/Academics/ASC/Sem-6/Software-Engineering/Semester-Project/March_6/server/node_modules/@vitest/runner/dist/index.js:915:26\n    at file:///C:/Users/rgdar/OneDrive/Desktop/Academics/ASC/Sem-6/Software-Engineering/Semester-Project/March_6/server/node_modules/@vitest/runner/dist/index.js:1243:20\n    at new Promise (<anonymous>)\n    at runWithTimeout (file:///C:/Users/rgdar/OneDrive/Desktop/Academics/ASC/Sem-6/Software-Engineering/Semester-Project/March_6/server/node_modules/@vitest/runner/dist/index.js:1209:10)\n    at file:///C:/Users/rgdar/OneDrive/Desktop/Academics/ASC/Sem-6/Software-Engineering/Semester-Project/March_6/server/node_modules/@vitest/runner/dist/index.js:1653:37\n    at Traces.$ (file:///C:/Users/rgdar/OneDrive/Desktop/Academics/ASC/Sem-6/Software-Engineering/Semester-Project/March_6/server/node_modules/vitest/dist/chunks/traces.CCmnQaNT.js:142:27)\n    at trace (file:///C:/Users/rgdar/OneDrive/Desktop/Academics/ASC/Sem-6/Software-Engineering/Semester-Project/March_6/server/node_modules/vitest/dist/chunks/test.B8ej_ZHS.js:239:21)"],"meta":{}}],"startTime":1773026878506,"endTime":1773026878540.4866,"status":"failed","message":"","name":"C:/Users/rgdar/OneDrive/Desktop/Academics/ASC/Sem-6/Software-Engineering/Semester-Project/March_6/server/src/__tests__/epic4/epic4_governance.test.ts"}]}
